[35m[Appium][39m Welcome to Appium v1.17.1
[35m[Appium][39m Non-default server args:
[35m[Appium][39m   port: 63699
[35m[Appium][39m   loglevel: info
[35m[Appium][39m   tmpDir: C:\Users\Anant\AppData\Local\Temp\\Katalon\Appium\Temp1600162070312
[35m[Appium][39m   chromedriverPort: 63700
[35m[Appium][39m Deprecated server args:
[35m[Appium][39m   [31m--chromedriver-port[39m => --default-capabilities '{"chromedriverPort":63700}'
[35m[Appium][39m Default capabilities, which will be added to each request unless overridden by desired capabilities:
[35m[Appium][39m   chromedriverPort: 63700
[35m[Appium][39m Appium REST http interface listener started on 0.0.0.0:63699
[35m[HTTP][39m [37m-->[39m [37mGET[39m [37m/wd/hub/status[39m
[35m[HTTP][39m [90m{}[39m
[35m[HTTP][39m [37m<-- GET /wd/hub/status [39m[32m200[39m [90m12 ms - 68[39m
[35m[HTTP][39m [90m[39m
[35m[HTTP][39m [37m-->[39m [37mGET[39m [37m/wd/hub/status[39m
[35m[HTTP][39m [90m{}[39m
[35m[HTTP][39m [37m<-- GET /wd/hub/status [39m[32m200[39m [90m2 ms - 68[39m
[35m[HTTP][39m [90m[39m
[35m[HTTP][39m [37m-->[39m [37mPOST[39m [37m/wd/hub/session[39m
[35m[HTTP][39m [90m{"desiredCapabilities":{"app":"C:\\Users\\Anant\\Desktop\\Dista__icicica_v30__icici-ca.appspot.com__icici-ca-firestore.apk","noReset":true,"deviceId":"emulator-5554","deviceName":"emulator-5554 (AOSP on IA Emulator - Android 9)","fullReset":false,"platform":"ANDROID","newCommandTimeout":1800,"platformVersion":"9","automationName":"uiautomator2","property":0,"autoGrantPermissions":true,"platformName":"Android","udid":"emulator-5554","systemPort":63713},"capabilities":{"firstMatch":[{"appium:app":"C:\\Users\\Anant\\Desktop\\Dista__icicica_v30__icici-ca.appspot.com__icici-ca-firestore.apk","appium:autoGrantPermissions":true,"appium:automationName":"uiautomator2","deviceId":"emulator-5554","appium:deviceName":"emulator-5554 (AOSP on IA Emulator - Android 9)","appium:fullReset":false,"appium:newCommandTimeout":1800,"appium:noReset":true,"platform":"ANDROID","platformName":"android","appium:platformVersion":"9","property":0,"appium:systemPort":63713,"appium:udid":"emulator-5554"}]}}[39m
[35m[BaseDriver][39m The following capabilities are not standard capabilities and should have an extension prefix:
[35m[BaseDriver][39m   deviceId
[35m[BaseDriver][39m   platform
[35m[BaseDriver][39m   property
[35m[BaseDriver][39m   chromedriverPort
[35m[Appium][39m Appium v1.17.1 creating new AndroidUiautomator2Driver (v1.44.2) session
[35m[BaseDriver][39m The following capabilities were provided, but are not recognized by Appium:
[35m[BaseDriver][39m   deviceId
[35m[BaseDriver][39m   platform
[35m[BaseDriver][39m   property
[35m[BaseDriver][39m Session created with session id: f1513842-2081-4098-902d-723afb72abc1
[35m[BaseDriver][39m Using local app 'C:\Users\Anant\Desktop\Dista__icicica_v30__icici-ca.appspot.com__icici-ca-firestore.apk'
[35m[ADB][39m Found 1 'build-tools' folders under 'C:\Users\Anant\.katalon\tools\android_sdk' (newest first):
[35m[ADB][39m     C:/Users/Anant/.katalon/tools/android_sdk/build-tools/29.0.3
[35m[ADB][39m Using 'adb.exe' from 'C:\Users\Anant\.katalon\tools\android_sdk\platform-tools\adb.exe'
[35m[AndroidDriver][39m Retrieving device list
[35m[AndroidDriver][39m Using device: emulator-5554
[35m[ADB][39m Using 'adb.exe' from 'C:\Users\Anant\.katalon\tools\android_sdk\platform-tools\adb.exe'
[35m[ADB][39m Getting device platform version
[35m[UiAutomator2][39m Relaxing hidden api policy
[35m[ADB][39m Package name: 'ma.dista'
[35m[ADB][39m Main activity name: 'ma.dista.activities.splash.SplashActivity'
[35m[ADB][39m Using 'apksigner.jar' from 'C:\Users\Anant\.katalon\tools\android_sdk\build-tools\29.0.3\lib\apksigner.jar'
[35m[UiAutomator2][39m Server packages are not going to be (re)installed
[35m[ADB][39m The application at 'C:\Users\Anant\Desktop\Dista__icicica_v30__icici-ca.appspot.com__icici-ca-firestore.apk' will not be cached, because the device under test has confirmed the support of streamed installs
[35m[UiAutomator2][39m Did not get confirmation UiAutomator2 deleteSession worked; Error was: UnknownError: An unknown server-side error occurred while processing the command. Original error: Trying to proxy a session command without session id
[35m[UiAutomator2][39m Unable to force stop app: Error executing adbExec. Original error: 'Command 'C:\\Users\\Anant\\.katalon\\tools\\android_sdk\\platform-tools\\adb.exe -P 5037 -s emulator-5554 shell am force-stop ma.dista' exited with code 1'; Stderr: '* daemon not running; starting now at tcp:5037
[35m[UiAutomator2][39m * daemon started successfully
[35m[UiAutomator2][39m error: device offline'; Code: '1'
[35m[UiAutomator2][39m Unable to remove port forward: Error executing adbExec. Original error: 'Command 'C:\\Users\\Anant\\.katalon\\tools\\android_sdk\\platform-tools\\adb.exe -P 5037 -s emulator-5554 forward --remove tcp\:63713' exited with code 1'; Stderr: 'adb.exe: error: listener 'tcp:63713' not found'; Code: '1'
[35m[UiAutomator2][39m Restoring hidden api policy to the device default configuration
[35m[HTTP][39m [37m<-- POST /wd/hub/session [39m[31m500[39m [90m71865 ms - 1423[39m
[35m[HTTP][39m [90m[39m
